<?xml version="1.0" encoding="UTF-8"?>
<!-- Generated by org.testng.reporters.JUnitXMLReporter -->
<testsuite ignored="0" hostname="LAPTOP-7B0L5NS5" failures="1" tests="2" name="Surefire test" time="0.04" errors="0" timestamp="2024-02-21T10:17:25 EST">
  <testcase classname="CP.BaseClassCPTest" name="@BeforeMethod beforeMethod" time="-1.708528645059E9">
    <failure type="org.testng.TestNGException" message="
Parameter &amp;apos;brow&amp;apos; is required by BeforeMethod on method beforeMethod but has not been marked @Optional or defined
">
      <![CDATA[org.testng.TestNGException: 
Parameter 'brow' is required by BeforeMethod on method beforeMethod but has not been marked @Optional or defined

at java.base/java.util.ArrayList.forEach(ArrayList.java:1511)
... Removed 33 stack frames]]>
    </failure>
  </testcase> <!-- @BeforeMethod beforeMethod -->
  <testcase classname="CP.BaseClassCPTest" name="@AfterMethod afterMethod" time="0.001">
    <failure type="java.lang.NullPointerException" message="Cannot invoke &amp;quot;org.openqa.selenium.WebDriver.close()&amp;quot; because &amp;quot;this.driver&amp;quot; is null">
      <![CDATA[java.lang.NullPointerException: Cannot invoke "org.openqa.selenium.WebDriver.close()" because "this.driver" is null
at CP.BaseClassCPTest.afterMethod(BaseClassCPTest.java:45)
at java.base/java.util.ArrayList.forEach(ArrayList.java:1511)
... Removed 37 stack frames]]>
    </failure>
  </testcase> <!-- @AfterMethod afterMethod -->
  <testcase classname="CP.TestClassCP" name="registration_with_valid_data" time="0.0">
    <failure type="org.testng.TestNGException" message="
Parameter &amp;apos;FN&amp;apos; is required by @Test on method registration_with_valid_data but has not been marked @Optional or defined
">
      <![CDATA[org.testng.TestNGException: 
Parameter 'FN' is required by @Test on method registration_with_valid_data but has not been marked @Optional or defined

at java.base/java.util.ArrayList.forEach(ArrayList.java:1511)
... Removed 31 stack frames]]>
    </failure>
  </testcase> <!-- registration_with_valid_data -->
  <testcase classname="CP.TestClassCP" name="ReTypeWrongPass" time="0.0">
    <skipped/>
  </testcase> <!-- ReTypeWrongPass -->
</testsuite> <!-- Surefire test -->
