-------------------------------------------------------------------------------
Test set: CP.CP_Test
-------------------------------------------------------------------------------
Tests run: 6, Failures: 1, Errors: 0, Skipped: 5, Time elapsed: 1.306 s <<< FAILURE! - in CP.CP_Test
beforeMethod(CP.CP_Test)  Time elapsed: 0.949 s  <<< FAILURE!
org.testng.TestNGException: 

Parameter 'brow' is required by BeforeMethod on method beforeMethod but has not been marked @Optional or defined


